Build started 4/13/2015 11:24:43 PM.
     1>Project "C:\Users\Flandre\Documents\Visual Studio 2013\Projects\ICS 168\Multiplayer Chess\Multiplayer Chess\Multiplayer Chess.vcxproj" on node 2 (Rebuild target(s)).
     1>ClCompile:
         C:\Program Files (x86)\Microsoft Visual Studio 12.0\VC\bin\CL.exe /c /ZI /nologo /W3 /WX- /sdl /Od /Oy- /D WIN32 /D _DEBUG /D _WINDOWS /D _UNICODE /D UNICODE /Gm /EHsc /RTC1 /MDd /GS /fp:precise /Zc:wchar_t /Zc:forScope /Fo"Debug\\" /Fd"Debug\vc120.pdb" /Gd /TP /analyze- /errorReport:prompt Code\CPP\ChessPiece.cpp Code\CPP\ChessPlayer.cpp Code\CPP\Credits.cpp Code\CPP\Functions.cpp Code\CPP\GeneralizedInclude.cpp Code\CPP\Globals.cpp Code\CPP\Intro.cpp Code\CPP\Main.cpp Code\CPP\MenuButton.cpp Code\CPP\Options.cpp Code\CPP\SinglePlayer.cpp Code\CPP\Timer.cpp Code\CPP\tinyxml2.cpp Code\CPP\Title.cpp Code\CPP\Window.cpp
         Window.cpp
         Title.cpp
         tinyxml2.cpp
         Timer.cpp
         SinglePlayer.cpp
         Options.cpp
         MenuButton.cpp
         Main.cpp
         Intro.cpp
     1>c:\users\flandre\documents\visual studio 2013\projects\ics 168\multiplayer chess\multiplayer chess\code\cpp\intro.cpp(47): warning C4244: 'argument' : conversion from 'double' to 'Uint8', possible loss of data
         Globals.cpp
         GeneralizedInclude.cpp
         Functions.cpp
         Credits.cpp
         ChessPlayer.cpp
         ChessPiece.cpp
         Generating Code...
       Link:
         C:\Program Files (x86)\Microsoft Visual Studio 12.0\VC\bin\link.exe /ERRORREPORT:PROMPT /OUT:"C:\Users\Flandre\Documents\Visual Studio 2013\Projects\ICS 168\Multiplayer Chess\Debug\Multiplayer Chess.exe" /INCREMENTAL /NOLOGO SDL2.lib SDL2_image.lib SDL2_mixer.lib SDL2_ttf.lib SDL2main.lib SDL2test.lib kernel32.lib user32.lib gdi32.lib winspool.lib comdlg32.lib advapi32.lib shell32.lib ole32.lib oleaut32.lib uuid.lib odbc32.lib odbccp32.lib /MANIFEST /MANIFESTUAC:"level='asInvoker' uiAccess='false'" /manifest:embed /DEBUG /PDB:"C:\Users\Flandre\Documents\Visual Studio 2013\Projects\ICS 168\Multiplayer Chess\Debug\Multiplayer Chess.pdb" /SUBSYSTEM:WINDOWS /TLBID:1 /DYNAMICBASE /NXCOMPAT /IMPLIB:"C:\Users\Flandre\Documents\Visual Studio 2013\Projects\ICS 168\Multiplayer Chess\Debug\Multiplayer Chess.lib" /MACHINE:X86 Debug\ChessPiece.obj
         Debug\ChessPlayer.obj
         Debug\Credits.obj
         Debug\Functions.obj
         Debug\GeneralizedInclude.obj
         Debug\Globals.obj
         Debug\Intro.obj
         Debug\Main.obj
         Debug\MenuButton.obj
         Debug\Options.obj
         Debug\SinglePlayer.obj
         Debug\Timer.obj
         Debug\tinyxml2.obj
         Debug\Title.obj
         Debug\Window.obj
         Includes\Libraries\SDL2.lib
         Includes\Libraries\SDL2main.lib
         Includes\Libraries\SDL2test.lib
         Includes\Libraries\SDL2_image.lib
         Includes\Libraries\SDL2_mixer.lib
         Includes\Libraries\SDL2_ttf.lib
     1>MSVCRTD.lib(cinitexe.obj) : warning LNK4098: defaultlib 'msvcrt.lib' conflicts with use of other libs; use /NODEFAULTLIB:library
         Multiplayer Chess.vcxproj -> C:\Users\Flandre\Documents\Visual Studio 2013\Projects\ICS 168\Multiplayer Chess\Debug\Multiplayer Chess.exe
     1>Done Building Project "C:\Users\Flandre\Documents\Visual Studio 2013\Projects\ICS 168\Multiplayer Chess\Multiplayer Chess\Multiplayer Chess.vcxproj" (Rebuild target(s)).

Build succeeded.

Time Elapsed 00:00:06.58
