c:\users\flandre\documents\visual studio 2013\projects\ics 168\multiplayer chess\multiplayer chess\debug\vc120.pdb
c:\users\flandre\documents\visual studio 2013\projects\ics 168\multiplayer chess\multiplayer chess\debug\vc120.idb
c:\users\flandre\documents\visual studio 2013\projects\ics 168\multiplayer chess\multiplayer chess\debug\chesspiece.obj
c:\users\flandre\documents\visual studio 2013\projects\ics 168\multiplayer chess\multiplayer chess\debug\chessplayer.obj
c:\users\flandre\documents\visual studio 2013\projects\ics 168\multiplayer chess\multiplayer chess\debug\credits.obj
c:\users\flandre\documents\visual studio 2013\projects\ics 168\multiplayer chess\multiplayer chess\debug\functions.obj
c:\users\flandre\documents\visual studio 2013\projects\ics 168\multiplayer chess\multiplayer chess\debug\generalizedinclude.obj
c:\users\flandre\documents\visual studio 2013\projects\ics 168\multiplayer chess\multiplayer chess\debug\globals.obj
c:\users\flandre\documents\visual studio 2013\projects\ics 168\multiplayer chess\multiplayer chess\debug\intro.obj
c:\users\flandre\documents\visual studio 2013\projects\ics 168\multiplayer chess\multiplayer chess\debug\main.obj
c:\users\flandre\documents\visual studio 2013\projects\ics 168\multiplayer chess\multiplayer chess\debug\menubutton.obj
c:\users\flandre\documents\visual studio 2013\projects\ics 168\multiplayer chess\multiplayer chess\debug\options.obj
c:\users\flandre\documents\visual studio 2013\projects\ics 168\multiplayer chess\multiplayer chess\debug\singleplayer.obj
c:\users\flandre\documents\visual studio 2013\projects\ics 168\multiplayer chess\multiplayer chess\debug\timer.obj
c:\users\flandre\documents\visual studio 2013\projects\ics 168\multiplayer chess\multiplayer chess\debug\tinyxml2.obj
c:\users\flandre\documents\visual studio 2013\projects\ics 168\multiplayer chess\multiplayer chess\debug\title.obj
c:\users\flandre\documents\visual studio 2013\projects\ics 168\multiplayer chess\multiplayer chess\debug\window.obj
c:\users\flandre\documents\visual studio 2013\projects\ics 168\multiplayer chess\debug\multiplayer chess.ilk
c:\users\flandre\documents\visual studio 2013\projects\ics 168\multiplayer chess\debug\multiplayer chess.exe
c:\users\flandre\documents\visual studio 2013\projects\ics 168\multiplayer chess\debug\multiplayer chess.pdb
c:\users\flandre\documents\visual studio 2013\projects\ics 168\multiplayer chess\multiplayer chess\debug\multipla.33548fe8.tlog\cl.command.1.tlog
c:\users\flandre\documents\visual studio 2013\projects\ics 168\multiplayer chess\multiplayer chess\debug\multipla.33548fe8.tlog\cl.read.1.tlog
c:\users\flandre\documents\visual studio 2013\projects\ics 168\multiplayer chess\multiplayer chess\debug\multipla.33548fe8.tlog\cl.write.1.tlog
c:\users\flandre\documents\visual studio 2013\projects\ics 168\multiplayer chess\multiplayer chess\debug\multipla.33548fe8.tlog\link.command.1.tlog
c:\users\flandre\documents\visual studio 2013\projects\ics 168\multiplayer chess\multiplayer chess\debug\multipla.33548fe8.tlog\link.read.1.tlog
c:\users\flandre\documents\visual studio 2013\projects\ics 168\multiplayer chess\multiplayer chess\debug\multipla.33548fe8.tlog\link.write.1.tlog
